<?xml version="1.0" encoding="UTF-8"?>
<!-- Generated by org.testng.reporters.JUnitReportReporter -->
<testsuite skipped="0" hostname="LAPTOP-HO5DOLHC" name="test.LoginTest" tests="1" failures="0" timestamp="2021-06-14T15:21:36 CDT" time="18.244" errors="0">
  <testcase name="validUserShouldBeAbleToLogin" time="18.244" classname="test.LoginTest"/>
  <system-out/>
</testsuite> <!-- test.LoginTest -->
