<?xml version="1.0" encoding="UTF-8"?>
<!-- Generated by org.testng.reporters.JUnitReportReporter -->
<testsuite skipped="0" hostname="LAPTOP-HO5DOLHC" name="test.AddCustomerTest" tests="1" failures="0" timestamp="2021-06-11T11:50:12 CDT" time="21.092" errors="0">
  <testcase name="validUserShouldBeAbleToAddCustomer" time="21.092" classname="test.AddCustomerTest"/>
  <system-out/>
</testsuite> <!-- test.AddCustomerTest -->
